2025-06-23 21:13:40,388 [Worker-1: Loading available Gradle versions] INFO  o.e.b.c.i.u.g.PublishedGradleVersions - Gradle version information cache is up-to-date. Trying to read.
2025-06-23 21:15:07,374 [Worker-9: Building] INFO  o.e.m.c.i.l.LifecycleMappingFactory - Using org.eclipse.m2e.jdt.JarLifecycleMapping lifecycle mapping for MavenProject: com.uniservices:cloud-gateway:0.0.1-SNAPSHOT @ /Users/admin/Documents/uniservices/backend/cloud-gateway/pom.xml.
2025-06-23 21:15:08,591 [Worker-9: Building] INFO  o.a.m.s.f.DefaultMavenResourcesFiltering - Copying 1 resource from src/main/resources to target/classes
2025-06-23 21:15:08,607 [Worker-9: Building] INFO  o.a.m.s.f.DefaultMavenResourcesFiltering - Copying 0 resource from src/main/resources to target/classes
2025-06-23 21:15:08,612 [Worker-9: Building] INFO  o.a.m.s.f.DefaultMavenResourcesFiltering - skip non existing resourceDirectory /Users/admin/Documents/uniservices/backend/cloud-gateway/src/test/resources
2025-06-23 21:15:09,159 [Worker-2: Updating Maven Dependencies] INFO  o.e.m.c.i.l.LifecycleMappingFactory - Using org.eclipse.m2e.jdt.JarLifecycleMapping lifecycle mapping for MavenProject: com.uniservices:user-service:0.0.1-SNAPSHOT @ /Users/admin/Documents/uniservices/backend/user-service/pom.xml.
2025-06-23 21:15:09,527 [Worker-30: Building] INFO  o.e.m.c.i.l.LifecycleMappingFactory - Using org.eclipse.m2e.jdt.JarLifecycleMapping lifecycle mapping for MavenProject: com.uniservices:education-service:0.0.1-SNAPSHOT @ /Users/admin/Documents/uniservices/backend/education-service/pom.xml.
2025-06-23 21:15:10,069 [Worker-30: Building] INFO  o.a.m.s.f.DefaultMavenResourcesFiltering - Copying 1 resource from src/main/resources to target/classes
2025-06-23 21:15:10,081 [Worker-30: Building] INFO  o.a.m.s.f.DefaultMavenResourcesFiltering - Copying 0 resource from src/main/resources to target/classes
2025-06-23 21:15:10,086 [Worker-30: Building] INFO  o.a.m.s.f.DefaultMavenResourcesFiltering - skip non existing resourceDirectory /Users/admin/Documents/uniservices/backend/education-service/src/test/resources
2025-06-23 21:15:10,524 [Worker-16: Building] INFO  o.e.m.c.i.l.LifecycleMappingFactory - Using org.eclipse.m2e.jdt.JarLifecycleMapping lifecycle mapping for MavenProject: com.uniservices:inscription-service:0.0.1-SNAPSHOT @ /Users/admin/Documents/uniservices/backend/inscription-service/pom.xml.
2025-06-23 21:15:11,029 [Worker-16: Building] INFO  o.a.m.s.f.DefaultMavenResourcesFiltering - Copying 1 resource from src/main/resources to target/classes
2025-06-23 21:15:11,067 [Worker-16: Building] INFO  o.a.m.s.f.DefaultMavenResourcesFiltering - Copying 0 resource from src/main/resources to target/classes
2025-06-23 21:15:11,071 [Worker-16: Building] INFO  o.a.m.s.f.DefaultMavenResourcesFiltering - skip non existing resourceDirectory /Users/admin/Documents/uniservices/backend/inscription-service/src/test/resources
2025-06-23 21:15:11,362 [Worker-16: Building] INFO  o.e.m.c.i.l.LifecycleMappingFactory - Using org.eclipse.m2e.jdt.JarLifecycleMapping lifecycle mapping for MavenProject: com.pilotage-service:pilotage-service:0.0.1-SNAPSHOT @ /Users/admin/Documents/uniservices/backend/pilotage-service/pom.xml.
2025-06-23 21:15:12,060 [Worker-16: Building] INFO  o.a.m.s.f.DefaultMavenResourcesFiltering - Copying 1 resource from src/main/resources to target/classes
2025-06-23 21:15:12,074 [Worker-16: Building] INFO  o.a.m.s.f.DefaultMavenResourcesFiltering - Copying 0 resource from src/main/resources to target/classes
2025-06-23 21:15:12,079 [Worker-16: Building] INFO  o.a.m.s.f.DefaultMavenResourcesFiltering - skip non existing resourceDirectory /Users/admin/Documents/uniservices/backend/pilotage-service/src/test/resources
2025-06-23 21:15:12,590 [Worker-31: Building] INFO  o.e.m.c.i.l.LifecycleMappingFactory - Using org.eclipse.m2e.jdt.JarLifecycleMapping lifecycle mapping for MavenProject: com.uniservices:service-registry:0.0.1-SNAPSHOT @ /Users/admin/Documents/uniservices/backend/service-registry/pom.xml.
2025-06-23 21:15:13,338 [Worker-31: Building] INFO  o.a.m.s.f.DefaultMavenResourcesFiltering - Copying 1 resource from src/main/resources to target/classes
2025-06-23 21:15:13,351 [Worker-31: Building] INFO  o.a.m.s.f.DefaultMavenResourcesFiltering - Copying 0 resource from src/main/resources to target/classes
2025-06-23 21:15:13,355 [Worker-31: Building] INFO  o.a.m.s.f.DefaultMavenResourcesFiltering - skip non existing resourceDirectory /Users/admin/Documents/uniservices/backend/service-registry/src/test/resources
2025-06-23 21:15:13,756 [Worker-19: Building] INFO  o.e.m.c.i.l.LifecycleMappingFactory - Using org.eclipse.m2e.jdt.JarLifecycleMapping lifecycle mapping for MavenProject: com.uniservices:user-service:0.0.1-SNAPSHOT @ /Users/admin/Documents/uniservices/backend/user-service/pom.xml.
2025-06-23 21:15:14,301 [Worker-19: Building] INFO  o.a.m.s.f.DefaultMavenResourcesFiltering - Copying 1 resource from src/main/resources to target/classes
2025-06-23 21:15:14,316 [Worker-19: Building] INFO  o.a.m.s.f.DefaultMavenResourcesFiltering - Copying 0 resource from src/main/resources to target/classes
2025-06-23 21:15:14,320 [Worker-19: Building] INFO  o.a.m.s.f.DefaultMavenResourcesFiltering - skip non existing resourceDirectory /Users/admin/Documents/uniservices/backend/user-service/src/test/resources
2025-06-23 21:15:14,810 [Worker-25: Updating Maven Dependencies] INFO  o.e.m.c.i.l.LifecycleMappingFactory - Using org.eclipse.m2e.jdt.JarLifecycleMapping lifecycle mapping for MavenProject: com.uniservices:user-service:0.0.1-SNAPSHOT @ /Users/admin/Documents/uniservices/backend/user-service/pom.xml.
